Using pre-set license
Built from '2021.1/staging' branch; Version is '2021.1.3f1 (4bef613afd59) revision 4976481'; Using compiler version '192528614'; Build Type 'Release'
OS: 'Windows 10 Pro; OS build 19041.928; Version 2004; 64bit' Language: 'pl' Physical Memory: 16344 MB
BatchMode: 1, IsHumanControllingUs: 0, StartBugReporterOnCrash: 0, Is64bit: 1, IsPro: 0

 COMMAND LINE ARGUMENTS:
C:\Program Files\Unity\Hub\Editor\2021.1.3f1\Editor\Unity.exe
-adb2
-batchMode
-noUpm
-name
AssetImportWorker0
-projectPath
C:/Users/fziel/Desktop/Repositories/FC/FCClient/FCClient
-logFile
Logs/AssetImportWorker0.log
-srvPort
61019
Successfully changed project path to: C:/Users/fziel/Desktop/Repositories/FC/FCClient/FCClient
C:/Users/fziel/Desktop/Repositories/FC/FCClient/FCClient
Using Asset Import Pipeline V2.
Refreshing native plugins compatible for Editor in 39.93 ms, found 0 plugins.
Preloading 0 native plugins for Editor in 0.00 ms.
Initialize engine version: 2021.1.3f1 (4bef613afd59)
[Subsystems] Discovering subsystems at path C:/Program Files/Unity/Hub/Editor/2021.1.3f1/Editor/Data/Resources/UnitySubsystems
[Subsystems] Discovering subsystems at path C:/Users/fziel/Desktop/Repositories/FC/FCClient/FCClient/Assets
GfxDevice: creating device client; threaded=0; jobified=0
Direct3D:
    Version:  Direct3D 11.0 [level 11.1]
    Renderer: NVIDIA GeForce GTX 970 (ID=0x13c2)
    Vendor:   NVIDIA
    VRAM:     4043 MB
    Driver:   27.21.14.5671
Initialize mono
Mono path[0] = 'C:/Program Files/Unity/Hub/Editor/2021.1.3f1/Editor/Data/Managed'
Mono path[1] = 'C:/Program Files/Unity/Hub/Editor/2021.1.3f1/Editor/Data/MonoBleedingEdge/lib/mono/unityjit'
Mono config path = 'C:/Program Files/Unity/Hub/Editor/2021.1.3f1/Editor/Data/MonoBleedingEdge/etc'
Using monoOptions --debugger-agent=transport=dt_socket,embedding=1,server=y,suspend=n,address=127.0.0.1:56796
Begin MonoManager ReloadAssembly
Registering precompiled unity dll's ...
Register platform support module: C:/Program Files/Unity/Hub/Editor/2021.1.3f1/Editor/Data/PlaybackEngines/WindowsStandaloneSupport/UnityEditor.WindowsStandalone.Extensions.dll
Registered in 0.002941 seconds.
Native extension for WindowsStandalone target not found
Refreshing native plugins compatible for Editor in 31.03 ms, found 0 plugins.
Preloading 0 native plugins for Editor in 0.00 ms.
Mono: successfully reloaded assembly
- Completed reload, in  2.004 seconds
Platform modules already initialized, skipping
Registering precompiled user dll's ...
Registered in 0.006067 seconds.
Begin MonoManager ReloadAssembly
Native extension for WindowsStandalone target not found
Refreshing native plugins compatible for Editor in 0.30 ms, found 0 plugins.
Preloading 0 native plugins for Editor in 0.00 ms.
Mono: successfully reloaded assembly
- Completed reload, in  1.232 seconds
Platform modules already initialized, skipping
========================================================================
Worker process is ready to serve import requests
Launched and connected shader compiler UnityShaderCompiler.exe after 0.05 seconds
Refreshing native plugins compatible for Editor in 0.30 ms, found 0 plugins.
Preloading 0 native plugins for Editor in 0.00 ms.
Unloading 1617 Unused Serialized files (Serialized files now loaded: 0)
System memory in use before: 74.9 MB.
System memory in use after: 75.0 MB.

Unloading 20 unused Assets to reduce memory usage. Loaded Objects now: 2067.
Total: 3.552100 ms (FindLiveObjects: 0.246600 ms CreateObjectMapping: 0.156500 ms MarkObjects: 3.054800 ms  DeleteObjects: 0.092600 ms)

========================================================================
Received Import Request.
  path: Assets/_Scripts/Configuration/NetworkSettings/ClientAndPublicServerNetworkSettings.cs
  artifactKey: Guid(d872a03e7cacd054a9d02261f76a753c) Importer(815301076,1909f56bfc062723c751e8b465ee728b)
Start importing Assets/_Scripts/Configuration/NetworkSettings/ClientAndPublicServerNetworkSettings.cs using Guid(d872a03e7cacd054a9d02261f76a753c) Importer(815301076,1909f56bfc062723c751e8b465ee728b)  -> (artifact id: '5e3ee9ebe986f669930454840269f3a3') in 0.035536 seconds 
========================================================================
Received Prepare
Registering precompiled user dll's ...
Registered in 0.007549 seconds.
Begin MonoManager ReloadAssembly
Native extension for WindowsStandalone target not found
Refreshing native plugins compatible for Editor in 0.30 ms, found 0 plugins.
Preloading 0 native plugins for Editor in 0.00 ms.
Mono: successfully reloaded assembly
- Completed reload, in  1.311 seconds
Platform modules already initialized, skipping
Refreshing native plugins compatible for Editor in 0.45 ms, found 0 plugins.
Preloading 0 native plugins for Editor in 0.00 ms.
Unloading 1586 Unused Serialized files (Serialized files now loaded: 0)
System memory in use before: 73.5 MB.
System memory in use after: 73.6 MB.

Unloading 15 unused Assets to reduce memory usage. Loaded Objects now: 2070.
Total: 2.273200 ms (FindLiveObjects: 0.227100 ms CreateObjectMapping: 0.116600 ms MarkObjects: 1.892100 ms  DeleteObjects: 0.036200 ms)

========================================================================
Received Import Request.
  Time since last request: 26.611539 seconds.
  path: Assets/_Scripts/Configuration/NetworkSettings/StandaloneClientNetworkSettings.cs
  artifactKey: Guid(532f15827f102ea41b8f660067458242) Importer(815301076,1909f56bfc062723c751e8b465ee728b)
Start importing Assets/_Scripts/Configuration/NetworkSettings/StandaloneClientNetworkSettings.cs using Guid(532f15827f102ea41b8f660067458242) Importer(815301076,1909f56bfc062723c751e8b465ee728b)  -> (artifact id: '92f50dd82ee38dd4f8b63362ba730735') in 0.015402 seconds 
========================================================================
Received Import Request.
  Time since last request: 3.413587 seconds.
  path: Assets/_Scripts/Configuration/NetworkSettings/StandaloneServerNetworkSettings.cs
  artifactKey: Guid(f63c3719c7f1354478774c2d3331d6d0) Importer(815301076,1909f56bfc062723c751e8b465ee728b)
Start importing Assets/_Scripts/Configuration/NetworkSettings/StandaloneServerNetworkSettings.cs using Guid(f63c3719c7f1354478774c2d3331d6d0) Importer(815301076,1909f56bfc062723c751e8b465ee728b)  -> (artifact id: '78faa98c4923e70bc743bd801d65b624') in 0.008690 seconds 
========================================================================
Received Prepare
Registering precompiled user dll's ...
Registered in 0.008584 seconds.
Begin MonoManager ReloadAssembly
Native extension for WindowsStandalone target not found
Refreshing native plugins compatible for Editor in 0.29 ms, found 0 plugins.
Preloading 0 native plugins for Editor in 0.00 ms.
Mono: successfully reloaded assembly
- Completed reload, in  1.042 seconds
Platform modules already initialized, skipping
Refreshing native plugins compatible for Editor in 0.31 ms, found 0 plugins.
Preloading 0 native plugins for Editor in 0.00 ms.
Unloading 1586 Unused Serialized files (Serialized files now loaded: 0)
System memory in use before: 73.5 MB.
System memory in use after: 73.6 MB.

Unloading 15 unused Assets to reduce memory usage. Loaded Objects now: 2073.
Total: 2.373500 ms (FindLiveObjects: 0.276900 ms CreateObjectMapping: 0.097500 ms MarkObjects: 1.949100 ms  DeleteObjects: 0.048400 ms)

========================================================================
Received Import Request.
  Time since last request: 363.217534 seconds.
  path: Assets/_Scripts/Configuration/NetworkSettings/StandaloneServerNetworkSettings.cs
  artifactKey: Guid(f63c3719c7f1354478774c2d3331d6d0) Importer(815301076,1909f56bfc062723c751e8b465ee728b)
Start importing Assets/_Scripts/Configuration/NetworkSettings/StandaloneServerNetworkSettings.cs using Guid(f63c3719c7f1354478774c2d3331d6d0) Importer(815301076,1909f56bfc062723c751e8b465ee728b)  -> (artifact id: '6e96847fa6de759b5cb8dc7d31cdbb1f') in 0.005886 seconds 
AssetImportWorkerClient::OnTransportError - code=2 error=End of file
